<?xml version="1.0" encoding="UTF-8" standalone="no"?>
<!DOCTYPE log SYSTEM "logger.dtd">
<log>
<record>
  <date>2019-10-10T15:31:46.740-0300</date>
  <logger>ERIC DIEGO MATOZO GONCALVES</logger>
  <level>FINE</level>
  <message>File 118210349-ERIC DIEGO MATOZO GONCALVES.zip was received. It was sent by ERIC DIEGO MATOZO GONCALVES from IP 150.165.42.179 at 10-10-2019 15*31*46</message>
</record>
</log>
<?xml version="1.0" encoding="UTF-8" standalone="no"?>
<!DOCTYPE log SYSTEM "logger.dtd">
<log>
<record>
  <date>2019-10-10T20:17:37.556-0300</date>
  <logger>ERIC DIEGO MATOZO GONCALVES</logger>
  <level>FINE</level>
  <message>File 118210349-ERIC DIEGO MATOZO GONCALVES.zip was received. It was sent by ERIC DIEGO MATOZO GONCALVES from IP 192.168.100.6 at 10-10-2019 20*17*37</message>
</record>
</log>
<?xml version="1.0" encoding="UTF-8" standalone="no"?>
<!DOCTYPE log SYSTEM "logger.dtd">
<log>
<record>
  <date>2019-10-10T20:18:23.609-0300</date>
  <logger>ERIC DIEGO MATOZO GONCALVES</logger>
  <level>FINE</level>
  <message>File 118210349-ERIC DIEGO MATOZO GONCALVES.zip was received. It was sent by ERIC DIEGO MATOZO GONCALVES from IP 192.168.100.6 at 10-10-2019 20*18*23</message>
</record>
</log>
<?xml version="1.0" encoding="UTF-8" standalone="no"?>
<!DOCTYPE log SYSTEM "logger.dtd">
<log>
<record>
  <date>2019-10-11T23:58:51.615-0300</date>
  <logger>ERIC DIEGO MATOZO GONCALVES</logger>
  <level>FINE</level>
  <message>File 118210349-ERIC DIEGO MATOZO GONCALVES.zip was received. It was sent by ERIC DIEGO MATOZO GONCALVES from IP 192.168.100.6 at 11-10-2019 23*58*51</message>
</record>
</log>
<?xml version="1.0" encoding="UTF-8" standalone="no"?>
<!DOCTYPE log SYSTEM "logger.dtd">
<log>
<record>
  <date>2019-10-12T00:18:36.905-0300</date>
  <logger>ERIC DIEGO MATOZO GONCALVES</logger>
  <level>FINE</level>
  <message>File 118210349-ERIC DIEGO MATOZO GONCALVES.zip was received. It was sent by ERIC DIEGO MATOZO GONCALVES from IP 192.168.100.6 at 12-10-2019 00*18*36</message>
</record>
</log>
<?xml version="1.0" encoding="UTF-8" standalone="no"?>
<!DOCTYPE log SYSTEM "logger.dtd">
<log>
<record>
  <date>2019-10-12T11:27:38.412-0300</date>
  <logger>ERIC DIEGO MATOZO GONCALVES</logger>
  <level>FINE</level>
  <message>File 118210349-ERIC DIEGO MATOZO GONCALVES.zip was received. It was sent by ERIC DIEGO MATOZO GONCALVES from IP 192.168.100.6 at 12-10-2019 11*27*38</message>
</record>
</log>
<?xml version="1.0" encoding="UTF-8" standalone="no"?>
<!DOCTYPE log SYSTEM "logger.dtd">
<log>
<record>
  <date>2019-10-12T11:44:40.395-0300</date>
  <logger>ERIC DIEGO MATOZO GONCALVES</logger>
  <level>FINE</level>
  <message>File 118210349-ERIC DIEGO MATOZO GONCALVES.zip was received. It was sent by ERIC DIEGO MATOZO GONCALVES from IP 192.168.100.6 at 12-10-2019 11*44*40</message>
</record>
</log>
<?xml version="1.0" encoding="UTF-8" standalone="no"?>
<!DOCTYPE log SYSTEM "logger.dtd">
<log>
<record>
  <date>2019-10-12T11:48:03.240-0300</date>
  <logger>ERIC DIEGO MATOZO GONCALVES</logger>
  <level>FINE</level>
  <message>File 118210349-ERIC DIEGO MATOZO GONCALVES.zip was received. It was sent by ERIC DIEGO MATOZO GONCALVES from IP 192.168.100.6 at 12-10-2019 11*48*03</message>
</record>
