<?xml version="1.0" encoding="UTF-8" standalone="no"?>
<!DOCTYPE log SYSTEM "logger.dtd">
<log>
<record>
  <date>2019-10-24T20:26:21.695-0300</date>
  <logger>ERIC DIEGO MATOZO GONCALVES</logger>
  <level>FINE</level>
  <message>File 118210349-ERIC DIEGO MATOZO GONCALVES.zip was received. It was sent by ERIC DIEGO MATOZO GONCALVES from IP 192.168.100.6 at 24-10-2019 20*26*21</message>
</record>
</log>
<?xml version="1.0" encoding="UTF-8" standalone="no"?>
<!DOCTYPE log SYSTEM "logger.dtd">
<log>
<record>
  <date>2019-10-24T20:26:44.809-0300</date>
  <logger>ERIC DIEGO MATOZO GONCALVES</logger>
  <level>FINE</level>
  <message>File 118210349-ERIC DIEGO MATOZO GONCALVES.zip was received. It was sent by ERIC DIEGO MATOZO GONCALVES from IP 192.168.100.6 at 24-10-2019 20*26*44</message>
</record>
</log>
<?xml version="1.0" encoding="UTF-8" standalone="no"?>
<!DOCTYPE log SYSTEM "logger.dtd">
<log>
<record>
  <date>2019-10-24T22:06:24.442-0300</date>
  <logger>ERIC DIEGO MATOZO GONCALVES</logger>
  <level>FINE</level>
  <message>File 118210349-ERIC DIEGO MATOZO GONCALVES.zip was received. It was sent by ERIC DIEGO MATOZO GONCALVES from IP 192.168.100.6 at 24-10-2019 22*06*24</message>
</record>
</log>
<?xml version="1.0" encoding="UTF-8" standalone="no"?>
<!DOCTYPE log SYSTEM "logger.dtd">
<log>
<record>
  <date>2019-10-24T22:06:35.823-0300</date>
  <logger>ERIC DIEGO MATOZO GONCALVES</logger>
  <level>FINE</level>
  <message>File 118210349-ERIC DIEGO MATOZO GONCALVES.zip was received. It was sent by ERIC DIEGO MATOZO GONCALVES from IP 192.168.100.6 at 24-10-2019 22*06*35</message>
</record>
</log>
<?xml version="1.0" encoding="UTF-8" standalone="no"?>
<!DOCTYPE log SYSTEM "logger.dtd">
<log>
<record>
  <date>2019-10-24T22:23:41.178-0300</date>
  <logger>ERIC DIEGO MATOZO GONCALVES</logger>
  <level>FINE</level>
  <message>File 118210349-ERIC DIEGO MATOZO GONCALVES.zip was received. It was sent by ERIC DIEGO MATOZO GONCALVES from IP 192.168.100.6 at 24-10-2019 22*23*41</message>
</record>
</log>
<?xml version="1.0" encoding="UTF-8" standalone="no"?>
<!DOCTYPE log SYSTEM "logger.dtd">
<log>
<record>
  <date>2019-10-25T20:33:55.103-0300</date>
  <logger>ERIC DIEGO MATOZO GONCALVES</logger>
  <level>FINE</level>
  <message>File 118210349-ERIC DIEGO MATOZO GONCALVES.zip was received. It was sent by ERIC DIEGO MATOZO GONCALVES from IP 192.168.100.6 at 25-10-2019 20*33*55</message>
</record>
</log>
<?xml version="1.0" encoding="UTF-8" standalone="no"?>
<!DOCTYPE log SYSTEM "logger.dtd">
<log>
<record>
  <date>2019-10-25T23:05:28.640-0300</date>
  <logger>ERIC DIEGO MATOZO GONCALVES</logger>
  <level>FINE</level>
  <message>File 118210349-ERIC DIEGO MATOZO GONCALVES.zip was received. It was sent by ERIC DIEGO MATOZO GONCALVES from IP 192.168.100.6 at 25-10-2019 23*05*28</message>
</record>
