<?xml version="1.0" encoding="UTF-8" standalone="no"?>
<!DOCTYPE log SYSTEM "logger.dtd">
<log>
<record>
  <date>2019-10-23T13:06:36.452-0300</date>
  <logger>ERIC DIEGO MATOZO GONCALVES</logger>
  <level>FINE</level>
  <message>File 118210349-ERIC DIEGO MATOZO GONCALVES.zip was received. It was sent by ERIC DIEGO MATOZO GONCALVES from IP 192.168.100.6 at 23-10-2019 13*06*36</message>
</record>
</log>
<?xml version="1.0" encoding="UTF-8" standalone="no"?>
<!DOCTYPE log SYSTEM "logger.dtd">
<log>
<record>
  <date>2019-10-23T14:42:56.323-0300</date>
  <logger>ERIC DIEGO MATOZO GONCALVES</logger>
  <level>FINE</level>
  <message>File 118210349-ERIC DIEGO MATOZO GONCALVES.zip was received. It was sent by ERIC DIEGO MATOZO GONCALVES from IP 192.168.100.6 at 23-10-2019 14*42*56</message>
</record>
</log>
<?xml version="1.0" encoding="UTF-8" standalone="no"?>
<!DOCTYPE log SYSTEM "logger.dtd">
<log>
<record>
  <date>2019-10-23T14:50:00.784-0300</date>
  <logger>ERIC DIEGO MATOZO GONCALVES</logger>
  <level>FINE</level>
  <message>File 118210349-ERIC DIEGO MATOZO GONCALVES.zip was received. It was sent by ERIC DIEGO MATOZO GONCALVES from IP 192.168.100.6 at 23-10-2019 14*50*00</message>
</record>
</log>
<?xml version="1.0" encoding="UTF-8" standalone="no"?>
<!DOCTYPE log SYSTEM "logger.dtd">
<log>
<record>
  <date>2019-10-23T15:16:50.904-0300</date>
  <logger>ERIC DIEGO MATOZO GONCALVES</logger>
  <level>FINE</level>
  <message>File 118210349-ERIC DIEGO MATOZO GONCALVES.zip was received. It was sent by ERIC DIEGO MATOZO GONCALVES from IP 192.168.100.6 at 23-10-2019 15*16*50</message>
</record>
</log>
<?xml version="1.0" encoding="UTF-8" standalone="no"?>
<!DOCTYPE log SYSTEM "logger.dtd">
<log>
<record>
  <date>2019-10-23T15:17:32.586-0300</date>
  <logger>ERIC DIEGO MATOZO GONCALVES</logger>
  <level>FINE</level>
  <message>File 118210349-ERIC DIEGO MATOZO GONCALVES.zip was received. It was sent by ERIC DIEGO MATOZO GONCALVES from IP 192.168.100.6 at 23-10-2019 15*17*32</message>
</record>
</log>
<?xml version="1.0" encoding="UTF-8" standalone="no"?>
<!DOCTYPE log SYSTEM "logger.dtd">
<log>
<record>
  <date>2019-10-23T15:24:40.009-0300</date>
  <logger>ERIC DIEGO MATOZO GONCALVES</logger>
  <level>FINE</level>
  <message>File 118210349-ERIC DIEGO MATOZO GONCALVES.zip was received. It was sent by ERIC DIEGO MATOZO GONCALVES from IP 192.168.100.6 at 23-10-2019 15*24*39</message>
</record>
</log>
<?xml version="1.0" encoding="UTF-8" standalone="no"?>
<!DOCTYPE log SYSTEM "logger.dtd">
<log>
<record>
  <date>2019-10-23T15:27:10.851-0300</date>
  <logger>ERIC DIEGO MATOZO GONCALVES</logger>
  <level>FINE</level>
  <message>File 118210349-ERIC DIEGO MATOZO GONCALVES.zip was received. It was sent by ERIC DIEGO MATOZO GONCALVES from IP 192.168.100.6 at 23-10-2019 15*27*10</message>
</record>
</log>
<?xml version="1.0" encoding="UTF-8" standalone="no"?>
<!DOCTYPE log SYSTEM "logger.dtd">
<log>
<record>
  <date>2019-10-23T15:33:56.546-0300</date>
  <logger>ERIC DIEGO MATOZO GONCALVES</logger>
  <level>FINE</level>
  <message>File 118210349-ERIC DIEGO MATOZO GONCALVES.zip was received. It was sent by ERIC DIEGO MATOZO GONCALVES from IP 192.168.100.6 at 23-10-2019 15*33*56</message>
</record>
</log>
<?xml version="1.0" encoding="UTF-8" standalone="no"?>
<!DOCTYPE log SYSTEM "logger.dtd">
<log>
<record>
  <date>2019-10-23T15:35:12.441-0300</date>
  <logger>ERIC DIEGO MATOZO GONCALVES</logger>
  <level>FINE</level>
  <message>File 118210349-ERIC DIEGO MATOZO GONCALVES.zip was received. It was sent by ERIC DIEGO MATOZO GONCALVES from IP 192.168.100.6 at 23-10-2019 15*35*12</message>
</record>
