<?xml version="1.0" encoding="UTF-8" standalone="no"?>
<!DOCTYPE log SYSTEM "logger.dtd">
<log>
<record>
  <date>2019-11-15T16:13:02.772-0300</date>
  <logger>ERIC DIEGO MATOZO GONCALVES</logger>
  <level>FINE</level>
  <message>File 118210349-ERIC DIEGO MATOZO GONCALVES.zip was received. It was sent by ERIC DIEGO MATOZO GONCALVES from IP 192.168.100.6 at 15-11-2019 16*13*02</message>
</record>
</log>
<?xml version="1.0" encoding="UTF-8" standalone="no"?>
<!DOCTYPE log SYSTEM "logger.dtd">
<log>
<record>
  <date>2019-11-15T21:11:53.835-0300</date>
  <logger>ERIC DIEGO MATOZO GONCALVES</logger>
  <level>FINE</level>
  <message>File 118210349-ERIC DIEGO MATOZO GONCALVES.zip was received. It was sent by ERIC DIEGO MATOZO GONCALVES from IP 192.168.100.6 at 15-11-2019 21*11*53</message>
</record>
</log>
<?xml version="1.0" encoding="UTF-8" standalone="no"?>
<!DOCTYPE log SYSTEM "logger.dtd">
<log>
<record>
  <date>2019-11-15T21:12:09.313-0300</date>
  <logger>ERIC DIEGO MATOZO GONCALVES</logger>
  <level>FINE</level>
  <message>File 118210349-ERIC DIEGO MATOZO GONCALVES.zip was received. It was sent by ERIC DIEGO MATOZO GONCALVES from IP 192.168.100.6 at 15-11-2019 21*12*09</message>
</record>
